<?xml version="1.0" encoding="UTF-8"?>
<!-- Generated by org.testng.reporters.JUnitReportReporter -->
<testsuite hostname="Mohamed-Saeed" failures="0" tests="1" name="runner.TestRunner" time="0.023" errors="0" timestamp="2023-10-28T14:35:35 EET" skipped="0">
  <testcase classname="runner.TestRunner" name="assertCurrebtURL" time="0.023"/>
</testsuite> <!-- runner.TestRunner -->
