<?xml version="1.0" encoding="UTF-8"?>
<!-- Generated by org.testng.reporters.JUnitReportReporter -->
<testsuite hostname="Mohamed-Saeed" failures="0" tests="1" name="steps.E2ETests" time="0.094" errors="0" timestamp="2023-10-28T14:24:25 EET" skipped="0">
  <testcase classname="steps.E2ETests" name="assertCurrebtURL" time="0.094"/>
</testsuite> <!-- steps.E2ETests -->
